-------------------------------------------------------------------------------
Test set: facade.CustomerFacadeTest
-------------------------------------------------------------------------------
Tests run: 6, Failures: 6, Errors: 0, Skipped: 0, Time elapsed: 0.076 sec <<< FAILURE!
facade.CustomerFacadeTest.testGetCustomerFacade()  Time elapsed: 0.071 sec  <<< FAILURE!
org.opentest4j.AssertionFailedError: expected: <null> but was: <facade.CustomerFacade@2e0fa5d3>
	at org.junit.jupiter.api.AssertionUtils.fail(AssertionUtils.java:54)
	at org.junit.jupiter.api.AssertEquals.failNotEqual(AssertEquals.java:195)
	at org.junit.jupiter.api.AssertEquals.assertEquals(AssertEquals.java:184)
	at org.junit.jupiter.api.AssertEquals.assertEquals(AssertEquals.java:179)
	at org.junit.jupiter.api.Assertions.assertEquals(Assertions.java:508)
	at facade.CustomerFacadeTest.testGetCustomerFacade(CustomerFacadeTest.java:52)

facade.CustomerFacadeTest.testGetCustomerCount()  Time elapsed: 0 sec  <<< FAILURE!
java.lang.NullPointerException
	at facade.CustomerFacadeTest.testGetCustomerCount(CustomerFacadeTest.java:111)

facade.CustomerFacadeTest.testGetAllCustomers()  Time elapsed: 0 sec  <<< FAILURE!
java.lang.NullPointerException
	at facade.CustomerFacadeTest.testGetAllCustomers(CustomerFacadeTest.java:125)

facade.CustomerFacadeTest.testGetCustomerByLastName()  Time elapsed: 0.001 sec  <<< FAILURE!
java.lang.NullPointerException
	at facade.CustomerFacadeTest.testGetCustomerByLastName(CustomerFacadeTest.java:97)

facade.CustomerFacadeTest.testFindCustomerById()  Time elapsed: 0 sec  <<< FAILURE!
java.lang.NullPointerException
	at facade.CustomerFacadeTest.testFindCustomerById(CustomerFacadeTest.java:82)

facade.CustomerFacadeTest.testAddCustomer()  Time elapsed: 0.001 sec  <<< FAILURE!
java.lang.NullPointerException
	at facade.CustomerFacadeTest.testAddCustomer(CustomerFacadeTest.java:67)

